# JRE version: OpenJDK Runtime Environment Temurin-17.0.4+8 (17.0.4+8) (build 17.0.4+8)
# Java VM: OpenJDK 64-Bit Server VM Temurin-17.0.4+8 (17.0.4+8, mixed mode, tiered, compressed oops, compressed class ptrs, parallel gc, windows-amd64)
GC Precious Log:
 CPUs: 4 total, 4 available
 Memory: 1848M
 Large Page Support: Disabled
 NUMA Support: Disabled
 Compressed Oops: Enabled (32-bit)
 Alignments: Space 512K, Generation 512K, Heap 2M
 Heap Min Capacity: 100M
 Heap Initial Capacity: 100M
 Heap Max Capacity: 1G
 Pre-touch: Disabled
 Parallel Workers: 4
Heap:
 PSYoungGen      total 23552K, used 4153K [0x00000000eab00000, 0x00000000ec680000, 0x0000000100000000)
  eden space 22016K, 11% used [0x00000000eab00000,0x00000000ead8ea30,0x00000000ec080000)
  from space 1536K, 99% used [0x00000000ec480000,0x00000000ec5ffc68,0x00000000ec600000)
  to   space 3072K, 0% used [0x00000000ec080000,0x00000000ec080000,0x00000000ec380000)
 ParOldGen       total 68608K, used 15440K [0x00000000c0000000, 0x00000000c4300000, 0x00000000eab00000)
  object space 68608K, 22% used [0x00000000c0000000,0x00000000c0f141f8,0x00000000c4300000)
 Metaspace       used 45048K, committed 45760K, reserved 1089536K
  class space    used 4842K, committed 5120K, reserved 1048576K
GC Heap History (20 events):
Event: 81.032 GC heap before
{Heap before GC invocations=5 (full 1):
 PSYoungGen      total 29696K, used 4070K [0x00000000eab00000, 0x00000000ecc00000, 0x0000000100000000)
  eden space 25600K, 0% used [0x00000000eab00000,0x00000000eab00000,0x00000000ec400000)
  from space 4096K, 99% used [0x00000000ec800000,0x00000000ecbf9920,0x00000000ecc00000)
  to   space 4096K, 0% used [0x00000000ec400000,0x00000000ec400000,0x00000000ec800000)
 ParOldGen       total 68608K, used 6661K [0x00000000c0000000, 0x00000000c4300000, 0x00000000eab00000)
  object space 68608K, 9% used [0x00000000c0000000,0x00000000c0681618,0x00000000c4300000)
 Metaspace       used 21148K, committed 21504K, reserved 1073152K
  class space    used 2142K, committed 2304K, reserved 1048576K
}
Event: 81.454 GC heap after
{Heap after GC invocations=5 (full 1):
 PSYoungGen      total 29696K, used 0K [0x00000000eab00000, 0x00000000ecc00000, 0x0000000100000000)
  eden space 25600K, 0% used [0x00000000eab00000,0x00000000eab00000,0x00000000ec400000)
  from space 4096K, 0% used [0x00000000ec800000,0x00000000ec800000,0x00000000ecc00000)
  to   space 4096K, 0% used [0x00000000ec400000,0x00000000ec400000,0x00000000ec800000)
 ParOldGen       total 68608K, used 10414K [0x00000000c0000000, 0x00000000c4300000, 0x00000000eab00000)
  object space 68608K, 15% used [0x00000000c0000000,0x00000000c0a2bbe8,0x00000000c4300000)
 Metaspace       used 21135K, committed 21504K, reserved 1073152K
  class space    used 2139K, committed 2304K, reserved 1048576K
}
Event: 94.347 GC heap before
{Heap before GC invocations=6 (full 1):
 PSYoungGen      total 29696K, used 25588K [0x00000000eab00000, 0x00000000ecc00000, 0x0000000100000000)
  eden space 25600K, 99% used [0x00000000eab00000,0x00000000ec3fd3f8,0x00000000ec400000)
  from space 4096K, 0% used [0x00000000ec800000,0x00000000ec800000,0x00000000ecc00000)
  to   space 4096K, 0% used [0x00000000ec400000,0x00000000ec400000,0x00000000ec800000)
 ParOldGen       total 68608K, used 10414K [0x00000000c0000000, 0x00000000c4300000, 0x00000000eab00000)
  object space 68608K, 15% used [0x00000000c0000000,0x00000000c0a2bbe8,0x00000000c4300000)
 Metaspace       used 24442K, committed 24960K, reserved 1073152K
  class space    used 2518K, committed 2752K, reserved 1048576K
}
Event: 94.367 GC heap after
{Heap after GC invocations=6 (full 1):
 PSYoungGen      total 27136K, used 1615K [0x00000000eab00000, 0x00000000eca80000, 0x0000000100000000)
  eden space 25088K, 0% used [0x00000000eab00000,0x00000000eab00000,0x00000000ec380000)
  from space 2048K, 78% used [0x00000000ec400000,0x00000000ec593db8,0x00000000ec600000)
  to   space 3584K, 0% used [0x00000000ec700000,0x00000000ec700000,0x00000000eca80000)
 ParOldGen       total 68608K, used 10422K [0x00000000c0000000, 0x00000000c4300000, 0x00000000eab00000)
  object space 68608K, 15% used [0x00000000c0000000,0x00000000c0a2dbe8,0x00000000c4300000)
 Metaspace       used 24442K, committed 24960K, reserved 1073152K
  class space    used 2518K, committed 2752K, reserved 1048576K
}
Event: 96.911 GC heap before
{Heap before GC invocations=7 (full 1):
 PSYoungGen      total 27136K, used 26703K [0x00000000eab00000, 0x00000000eca80000, 0x0000000100000000)
  eden space 25088K, 100% used [0x00000000eab00000,0x00000000ec380000,0x00000000ec380000)
  from space 2048K, 78% used [0x00000000ec400000,0x00000000ec593db8,0x00000000ec600000)
  to   space 3584K, 0% used [0x00000000ec700000,0x00000000ec700000,0x00000000eca80000)
 ParOldGen       total 68608K, used 10422K [0x00000000c0000000, 0x00000000c4300000, 0x00000000eab00000)
  object space 68608K, 15% used [0x00000000c0000000,0x00000000c0a2dbe8,0x00000000c4300000)
 Metaspace       used 27784K, committed 28288K, reserved 1081344K
  class space    used 2821K, committed 3008K, reserved 1048576K
}
Event: 96.924 GC heap after
{Heap after GC invocations=7 (full 1):
 PSYoungGen      total 27136K, used 2149K [0x00000000eab00000, 0x00000000ec980000, 0x0000000100000000)
  eden space 24576K, 0% used [0x00000000eab00000,0x00000000eab00000,0x00000000ec300000)
  from space 2560K, 83% used [0x00000000ec700000,0x00000000ec919678,0x00000000ec980000)
  to   space 2560K, 0% used [0x00000000ec480000,0x00000000ec480000,0x00000000ec700000)
 ParOldGen       total 68608K, used 10422K [0x00000000c0000000, 0x00000000c4300000, 0x00000000eab00000)
  object space 68608K, 15% used [0x00000000c0000000,0x00000000c0a2dbe8,0x00000000c4300000)
 Metaspace       used 27784K, committed 28288K, reserved 1081344K
  class space    used 2821K, committed 3008K, reserved 1048576K
}
Event: 98.649 GC heap before
{Heap before GC invocations=8 (full 1):
 PSYoungGen      total 27136K, used 26725K [0x00000000eab00000, 0x00000000ec980000, 0x0000000100000000)
  eden space 24576K, 100% used [0x00000000eab00000,0x00000000ec300000,0x00000000ec300000)
  from space 2560K, 83% used [0x00000000ec700000,0x00000000ec919678,0x00000000ec980000)
  to   space 2560K, 0% used [0x00000000ec480000,0x00000000ec480000,0x00000000ec700000)
 ParOldGen       total 68608K, used 10422K [0x00000000c0000000, 0x00000000c4300000, 0x00000000eab00000)
  object space 68608K, 15% used [0x00000000c0000000,0x00000000c0a2dbe8,0x00000000c4300000)
 Metaspace       used 30819K, committed 31296K, reserved 1081344K
  class space    used 3135K, committed 3328K, reserved 1048576K
}
Event: 98.659 GC heap after
{Heap after GC invocations=8 (full 1):
 PSYoungGen      total 26624K, used 2483K [0x00000000eab00000, 0x00000000ec780000, 0x0000000100000000)
  eden space 24064K, 0% used [0x00000000eab00000,0x00000000eab00000,0x00000000ec280000)
  from space 2560K, 97% used [0x00000000ec480000,0x00000000ec6ecd30,0x00000000ec700000)
  to   space 512K, 0% used [0x00000000ec700000,0x00000000ec700000,0x00000000ec780000)
 ParOldGen       total 68608K, used 10430K [0x00000000c0000000, 0x00000000c4300000, 0x00000000eab00000)
  object space 68608K, 15% used [0x00000000c0000000,0x00000000c0a2fbe8,0x00000000c4300000)
 Metaspace       used 30819K, committed 31296K, reserved 1081344K
  class space    used 3135K, committed 3328K, reserved 1048576K
}
Event: 102.508 GC heap before
{Heap before GC invocations=9 (full 1):
 PSYoungGen      total 26624K, used 26547K [0x00000000eab00000, 0x00000000ec780000, 0x0000000100000000)
  eden space 24064K, 100% used [0x00000000eab00000,0x00000000ec280000,0x00000000ec280000)
  from space 2560K, 97% used [0x00000000ec480000,0x00000000ec6ecd30,0x00000000ec700000)
  to   space 512K, 0% used [0x00000000ec700000,0x00000000ec700000,0x00000000ec780000)
 ParOldGen       total 68608K, used 10430K [0x00000000c0000000, 0x00000000c4300000, 0x00000000eab00000)
  object space 68608K, 15% used [0x00000000c0000000,0x00000000c0a2fbe8,0x00000000c4300000)
 Metaspace       used 32699K, committed 33216K, reserved 1081344K
  class space    used 3329K, committed 3584K, reserved 1048576K
}
Event: 102.530 GC heap after
{Heap after GC invocations=9 (full 1):
 PSYoungGen      total 24064K, used 512K [0x00000000eab00000, 0x00000000ec900000, 0x0000000100000000)
  eden space 23552K, 0% used [0x00000000eab00000,0x00000000eab00000,0x00000000ec200000)
  from space 512K, 100% used [0x00000000ec700000,0x00000000ec780000,0x00000000ec780000)
  to   space 3584K, 0% used [0x00000000ec200000,0x00000000ec200000,0x00000000ec580000)
 ParOldGen       total 68608K, used 13291K [0x00000000c0000000, 0x00000000c4300000, 0x00000000eab00000)
  object space 68608K, 19% used [0x00000000c0000000,0x00000000c0cfafa0,0x00000000c4300000)
 Metaspace       used 32699K, committed 33216K, reserved 1081344K
  class space    used 3329K, committed 3584K, reserved 1048576K
}
Event: 104.335 GC heap before
{Heap before GC invocations=10 (full 1):
 PSYoungGen      total 24064K, used 15931K [0x00000000eab00000, 0x00000000ec900000, 0x0000000100000000)
  eden space 23552K, 65% used [0x00000000eab00000,0x00000000eba0ed00,0x00000000ec200000)
  from space 512K, 100% used [0x00000000ec700000,0x00000000ec780000,0x00000000ec780000)
  to   space 3584K, 0% used [0x00000000ec200000,0x00000000ec200000,0x00000000ec580000)
 ParOldGen       total 68608K, used 13291K [0x00000000c0000000, 0x00000000c4300000, 0x00000000eab00000)
  object space 68608K, 19% used [0x00000000c0000000,0x00000000c0cfafa0,0x00000000c4300000)
 Metaspace       used 35246K, committed 35840K, reserved 1089536K
  class space    used 3627K, committed 3904K, reserved 1048576K
}
Event: 104.344 GC heap after
{Heap after GC invocations=10 (full 1):
 PSYoungGen      total 27136K, used 1169K [0x00000000eab00000, 0x00000000ec780000, 0x0000000100000000)
  eden space 23552K, 0% used [0x00000000eab00000,0x00000000eab00000,0x00000000ec200000)
  from space 3584K, 32% used [0x00000000ec200000,0x00000000ec324608,0x00000000ec580000)
  to   space 2048K, 0% used [0x00000000ec580000,0x00000000ec580000,0x00000000ec780000)
 ParOldGen       total 68608K, used 13451K [0x00000000c0000000, 0x00000000c4300000, 0x00000000eab00000)
  object space 68608K, 19% used [0x00000000c0000000,0x00000000c0d22fa0,0x00000000c4300000)
 Metaspace       used 35246K, committed 35840K, reserved 1089536K
  class space    used 3627K, committed 3904K, reserved 1048576K
}
Event: 104.344 GC heap before
{Heap before GC invocations=11 (full 2):
 PSYoungGen      total 27136K, used 1169K [0x00000000eab00000, 0x00000000ec780000, 0x0000000100000000)
  eden space 23552K, 0% used [0x00000000eab00000,0x00000000eab00000,0x00000000ec200000)
  from space 3584K, 32% used [0x00000000ec200000,0x00000000ec324608,0x00000000ec580000)
  to   space 2048K, 0% used [0x00000000ec580000,0x00000000ec580000,0x00000000ec780000)
 ParOldGen       total 68608K, used 13451K [0x00000000c0000000, 0x00000000c4300000, 0x00000000eab00000)
  object space 68608K, 19% used [0x00000000c0000000,0x00000000c0d22fa0,0x00000000c4300000)
 Metaspace       used 35246K, committed 35840K, reserved 1089536K
  class space    used 3627K, committed 3904K, reserved 1048576K
}
Event: 104.509 GC heap after
{Heap after GC invocations=11 (full 2):
 PSYoungGen      total 27136K, used 0K [0x00000000eab00000, 0x00000000ec780000, 0x0000000100000000)
  eden space 23552K, 0% used [0x00000000eab00000,0x00000000eab00000,0x00000000ec200000)
  from space 3584K, 0% used [0x00000000ec200000,0x00000000ec200000,0x00000000ec580000)
  to   space 2048K, 0% used [0x00000000ec580000,0x00000000ec580000,0x00000000ec780000)
 ParOldGen       total 68608K, used 12813K [0x00000000c0000000, 0x00000000c4300000, 0x00000000eab00000)
  object space 68608K, 18% used [0x00000000c0000000,0x00000000c0c83738,0x00000000c4300000)
 Metaspace       used 35246K, committed 35840K, reserved 1089536K
  class space    used 3627K, committed 3904K, reserved 1048576K
}
Event: 112.192 GC heap before
{Heap before GC invocations=12 (full 2):
 PSYoungGen      total 27136K, used 23552K [0x00000000eab00000, 0x00000000ec780000, 0x0000000100000000)
  eden space 23552K, 100% used [0x00000000eab00000,0x00000000ec200000,0x00000000ec200000)
  from space 3584K, 0% used [0x00000000ec200000,0x00000000ec200000,0x00000000ec580000)
  to   space 2048K, 0% used [0x00000000ec580000,0x00000000ec580000,0x00000000ec780000)
 ParOldGen       total 68608K, used 12813K [0x00000000c0000000, 0x00000000c4300000, 0x00000000eab00000)
  object space 68608K, 18% used [0x00000000c0000000,0x00000000c0c83738,0x00000000c4300000)
 Metaspace       used 38590K, committed 39168K, reserved 1089536K
  class space    used 4065K, committed 4288K, reserved 1048576K
}
Event: 112.212 GC heap after
{Heap after GC invocations=12 (full 2):
 PSYoungGen      total 24576K, used 1520K [0x00000000eab00000, 0x00000000ec700000, 0x0000000100000000)
  eden space 23040K, 0% used [0x00000000eab00000,0x00000000eab00000,0x00000000ec180000)
  from space 1536K, 99% used [0x00000000ec580000,0x00000000ec6fc2b0,0x00000000ec700000)
  to   space 2048K, 0% used [0x00000000ec300000,0x00000000ec300000,0x00000000ec500000)
 ParOldGen       total 68608K, used 12821K [0x00000000c0000000, 0x00000000c4300000, 0x00000000eab00000)
  object space 68608K, 18% used [0x00000000c0000000,0x00000000c0c85738,0x00000000c4300000)
 Metaspace       used 38590K, committed 39168K, reserved 1089536K
  class space    used 4065K, committed 4288K, reserved 1048576K
}
Event: 121.398 GC heap before
{Heap before GC invocations=13 (full 2):
 PSYoungGen      total 24576K, used 24560K [0x00000000eab00000, 0x00000000ec700000, 0x0000000100000000)
  eden space 23040K, 100% used [0x00000000eab00000,0x00000000ec180000,0x00000000ec180000)
  from space 1536K, 99% used [0x00000000ec580000,0x00000000ec6fc2b0,0x00000000ec700000)
  to   space 2048K, 0% used [0x00000000ec300000,0x00000000ec300000,0x00000000ec500000)
 ParOldGen       total 68608K, used 12821K [0x00000000c0000000, 0x00000000c4300000, 0x00000000eab00000)
  object space 68608K, 18% used [0x00000000c0000000,0x00000000c0c85738,0x00000000c4300000)
 Metaspace       used 41779K, committed 42496K, reserved 1089536K
  class space    used 4462K, committed 4736K, reserved 1048576K
}
Event: 121.426 GC heap after
{Heap after GC invocations=13 (full 2):
 PSYoungGen      total 24064K, used 1112K [0x00000000eab00000, 0x00000000ec600000, 0x0000000100000000)
  eden space 22528K, 0% used [0x00000000eab00000,0x00000000eab00000,0x00000000ec100000)
  from space 1536K, 72% used [0x00000000ec300000,0x00000000ec416318,0x00000000ec480000)
  to   space 1536K, 0% used [0x00000000ec480000,0x00000000ec480000,0x00000000ec600000)
 ParOldGen       total 68608K, used 14228K [0x00000000c0000000, 0x00000000c4300000, 0x00000000eab00000)
  object space 68608K, 20% used [0x00000000c0000000,0x00000000c0de5148,0x00000000c4300000)
 Metaspace       used 41779K, committed 42496K, reserved 1089536K
  class space    used 4462K, committed 4736K, reserved 1048576K
}
Event: 144.500 GC heap before
{Heap before GC invocations=14 (full 2):
 PSYoungGen      total 24064K, used 23640K [0x00000000eab00000, 0x00000000ec600000, 0x0000000100000000)
  eden space 22528K, 100% used [0x00000000eab00000,0x00000000ec100000,0x00000000ec100000)
  from space 1536K, 72% used [0x00000000ec300000,0x00000000ec416318,0x00000000ec480000)
  to   space 1536K, 0% used [0x00000000ec480000,0x00000000ec480000,0x00000000ec600000)
 ParOldGen       total 68608K, used 14228K [0x00000000c0000000, 0x00000000c4300000, 0x00000000eab00000)
  object space 68608K, 20% used [0x00000000c0000000,0x00000000c0de5148,0x00000000c4300000)
 Metaspace       used 44626K, committed 45312K, reserved 1089536K
  class space    used 4798K, committed 5056K, reserved 1048576K
}
Event: 144.590 GC heap after
{Heap after GC invocations=14 (full 2):
 PSYoungGen      total 23552K, used 1535K [0x00000000eab00000, 0x00000000ec680000, 0x0000000100000000)
  eden space 22016K, 0% used [0x00000000eab00000,0x00000000eab00000,0x00000000ec080000)
  from space 1536K, 99% used [0x00000000ec480000,0x00000000ec5ffc68,0x00000000ec600000)
  to   space 3072K, 0% used [0x00000000ec080000,0x00000000ec080000,0x00000000ec380000)
 ParOldGen       total 68608K, used 15440K [0x00000000c0000000, 0x00000000c4300000, 0x00000000eab00000)
  object space 68608K, 22% used [0x00000000c0000000,0x00000000c0f141f8,0x00000000c4300000)
 Metaspace       used 44626K, committed 45312K, reserved 1089536K
  class space    used 4798K, committed 5056K, reserved 1048576K
}

