# JRE version: OpenJDK Runtime Environment Temurin-17.0.4+8 (17.0.4+8) (build 17.0.4+8)
# Java VM: OpenJDK 64-Bit Server VM Temurin-17.0.4+8 (17.0.4+8, mixed mode, tiered, compressed oops, compressed class ptrs, parallel gc, windows-amd64)
GC Precious Log:
 CPUs: 4 total, 4 available
 Memory: 1848M
 Large Page Support: Disabled
 NUMA Support: Disabled
 Compressed Oops: Enabled (32-bit)
 Alignments: Space 512K, Generation 512K, Heap 2M
 Heap Min Capacity: 100M
 Heap Initial Capacity: 100M
 Heap Max Capacity: 1G
 Pre-touch: Disabled
 Parallel Workers: 4
Heap:
 PSYoungGen      total 24064K, used 14439K [0x00000000eab00000, 0x00000000ec980000, 0x0000000100000000)
  eden space 20992K, 56% used [0x00000000eab00000,0x00000000eb698578,0x00000000ebf80000)
  from space 3072K, 83% used [0x00000000ec680000,0x00000000ec901750,0x00000000ec980000)
  to   space 4096K, 0% used [0x00000000ec180000,0x00000000ec180000,0x00000000ec580000)
 ParOldGen       total 68608K, used 31937K [0x00000000c0000000, 0x00000000c4300000, 0x00000000eab00000)
  object space 68608K, 46% used [0x00000000c0000000,0x00000000c1f30738,0x00000000c4300000)
 Metaspace       used 47983K, committed 48640K, reserved 1097728K
  class space    used 4823K, committed 5120K, reserved 1048576K
GC Heap History (20 events):
Event: 94.254 GC heap before
{Heap before GC invocations=15 (full 2):
 PSYoungGen      total 22528K, used 22496K [0x00000000eab00000, 0x00000000ec880000, 0x0000000100000000)
  eden space 21504K, 100% used [0x00000000eab00000,0x00000000ec000000,0x00000000ec000000)
  from space 1024K, 96% used [0x00000000ec400000,0x00000000ec4f8010,0x00000000ec500000)
  to   space 4096K, 0% used [0x00000000ec000000,0x00000000ec000000,0x00000000ec400000)
 ParOldGen       total 68608K, used 15759K [0x00000000c0000000, 0x00000000c4300000, 0x00000000eab00000)
  object space 68608K, 22% used [0x00000000c0000000,0x00000000c0f63da0,0x00000000c4300000)
 Metaspace       used 35767K, committed 36416K, reserved 1081344K
  class space    used 3634K, committed 3904K, reserved 1048576K
}
Event: 94.404 GC heap after
{Heap after GC invocations=15 (full 2):
 PSYoungGen      total 24064K, used 2368K [0x00000000eab00000, 0x00000000ec600000, 0x0000000100000000)
  eden space 21504K, 0% used [0x00000000eab00000,0x00000000eab00000,0x00000000ec000000)
  from space 2560K, 92% used [0x00000000ec000000,0x00000000ec250000,0x00000000ec280000)
  to   space 3072K, 0% used [0x00000000ec300000,0x00000000ec300000,0x00000000ec600000)
 ParOldGen       total 68608K, used 16752K [0x00000000c0000000, 0x00000000c4300000, 0x00000000eab00000)
  object space 68608K, 24% used [0x00000000c0000000,0x00000000c105c018,0x00000000c4300000)
 Metaspace       used 35767K, committed 36416K, reserved 1081344K
  class space    used 3634K, committed 3904K, reserved 1048576K
}
Event: 95.295 GC heap before
{Heap before GC invocations=16 (full 2):
 PSYoungGen      total 24064K, used 23872K [0x00000000eab00000, 0x00000000ec600000, 0x0000000100000000)
  eden space 21504K, 100% used [0x00000000eab00000,0x00000000ec000000,0x00000000ec000000)
  from space 2560K, 92% used [0x00000000ec000000,0x00000000ec250000,0x00000000ec280000)
  to   space 3072K, 0% used [0x00000000ec300000,0x00000000ec300000,0x00000000ec600000)
 ParOldGen       total 68608K, used 16752K [0x00000000c0000000, 0x00000000c4300000, 0x00000000eab00000)
  object space 68608K, 24% used [0x00000000c0000000,0x00000000c105c018,0x00000000c4300000)
 Metaspace       used 35768K, committed 36416K, reserved 1081344K
  class space    used 3634K, committed 3904K, reserved 1048576K
}
Event: 95.314 GC heap after
{Heap after GC invocations=16 (full 2):
 PSYoungGen      total 24576K, used 2528K [0x00000000eab00000, 0x00000000ec600000, 0x0000000100000000)
  eden space 21504K, 0% used [0x00000000eab00000,0x00000000eab00000,0x00000000ec000000)
  from space 3072K, 82% used [0x00000000ec300000,0x00000000ec578010,0x00000000ec600000)
  to   space 3072K, 0% used [0x00000000ec000000,0x00000000ec000000,0x00000000ec300000)
 ParOldGen       total 68608K, used 19053K [0x00000000c0000000, 0x00000000c4300000, 0x00000000eab00000)
  object space 68608K, 27% used [0x00000000c0000000,0x00000000c129b7b8,0x00000000c4300000)
 Metaspace       used 35768K, committed 36416K, reserved 1081344K
  class space    used 3634K, committed 3904K, reserved 1048576K
}
Event: 103.426 GC heap before
{Heap before GC invocations=17 (full 2):
 PSYoungGen      total 24576K, used 24032K [0x00000000eab00000, 0x00000000ec600000, 0x0000000100000000)
  eden space 21504K, 100% used [0x00000000eab00000,0x00000000ec000000,0x00000000ec000000)
  from space 3072K, 82% used [0x00000000ec300000,0x00000000ec578010,0x00000000ec600000)
  to   space 3072K, 0% used [0x00000000ec000000,0x00000000ec000000,0x00000000ec300000)
 ParOldGen       total 68608K, used 19053K [0x00000000c0000000, 0x00000000c4300000, 0x00000000eab00000)
  object space 68608K, 27% used [0x00000000c0000000,0x00000000c129b7b8,0x00000000c4300000)
 Metaspace       used 37121K, committed 37760K, reserved 1089536K
  class space    used 3760K, committed 4032K, reserved 1048576K
}
Event: 103.444 GC heap after
{Heap after GC invocations=17 (full 2):
 PSYoungGen      total 24064K, used 2367K [0x00000000eab00000, 0x00000000ec500000, 0x0000000100000000)
  eden space 21504K, 0% used [0x00000000eab00000,0x00000000eab00000,0x00000000ec000000)
  from space 2560K, 92% used [0x00000000ec000000,0x00000000ec24fd38,0x00000000ec280000)
  to   space 2560K, 0% used [0x00000000ec280000,0x00000000ec280000,0x00000000ec500000)
 ParOldGen       total 68608K, used 21517K [0x00000000c0000000, 0x00000000c4300000, 0x00000000eab00000)
  object space 68608K, 31% used [0x00000000c0000000,0x00000000c15037c8,0x00000000c4300000)
 Metaspace       used 37121K, committed 37760K, reserved 1089536K
  class space    used 3760K, committed 4032K, reserved 1048576K
}
Event: 110.163 GC heap before
{Heap before GC invocations=18 (full 2):
 PSYoungGen      total 24064K, used 23853K [0x00000000eab00000, 0x00000000ec500000, 0x0000000100000000)
  eden space 21504K, 99% used [0x00000000eab00000,0x00000000ebffb7b0,0x00000000ec000000)
  from space 2560K, 92% used [0x00000000ec000000,0x00000000ec24fd38,0x00000000ec280000)
  to   space 2560K, 0% used [0x00000000ec280000,0x00000000ec280000,0x00000000ec500000)
 ParOldGen       total 68608K, used 21517K [0x00000000c0000000, 0x00000000c4300000, 0x00000000eab00000)
  object space 68608K, 31% used [0x00000000c0000000,0x00000000c15037c8,0x00000000c4300000)
 Metaspace       used 38799K, committed 39488K, reserved 1089536K
  class space    used 3986K, committed 4288K, reserved 1048576K
}
Event: 110.176 GC heap after
{Heap after GC invocations=18 (full 2):
 PSYoungGen      total 22528K, used 662K [0x00000000eab00000, 0x00000000ec380000, 0x0000000100000000)
  eden space 21504K, 0% used [0x00000000eab00000,0x00000000eab00000,0x00000000ec000000)
  from space 1024K, 64% used [0x00000000ec280000,0x00000000ec325ba8,0x00000000ec380000)
  to   space 1536K, 0% used [0x00000000ec080000,0x00000000ec080000,0x00000000ec200000)
 ParOldGen       total 68608K, used 23797K [0x00000000c0000000, 0x00000000c4300000, 0x00000000eab00000)
  object space 68608K, 34% used [0x00000000c0000000,0x00000000c173d770,0x00000000c4300000)
 Metaspace       used 38799K, committed 39488K, reserved 1089536K
  class space    used 3986K, committed 4288K, reserved 1048576K
}
Event: 116.441 GC heap before
{Heap before GC invocations=19 (full 2):
 PSYoungGen      total 22528K, used 22166K [0x00000000eab00000, 0x00000000ec380000, 0x0000000100000000)
  eden space 21504K, 100% used [0x00000000eab00000,0x00000000ec000000,0x00000000ec000000)
  from space 1024K, 64% used [0x00000000ec280000,0x00000000ec325ba8,0x00000000ec380000)
  to   space 1536K, 0% used [0x00000000ec080000,0x00000000ec080000,0x00000000ec200000)
 ParOldGen       total 68608K, used 23797K [0x00000000c0000000, 0x00000000c4300000, 0x00000000eab00000)
  object space 68608K, 34% used [0x00000000c0000000,0x00000000c173d770,0x00000000c4300000)
 Metaspace       used 39965K, committed 40640K, reserved 1089536K
  class space    used 4085K, committed 4352K, reserved 1048576K
}
Event: 116.449 GC heap after
{Heap after GC invocations=19 (full 2):
 PSYoungGen      total 23040K, used 1078K [0x00000000eab00000, 0x00000000ec300000, 0x0000000100000000)
  eden space 21504K, 0% used [0x00000000eab00000,0x00000000eab00000,0x00000000ec000000)
  from space 1536K, 70% used [0x00000000ec080000,0x00000000ec18da70,0x00000000ec200000)
  to   space 1024K, 0% used [0x00000000ec200000,0x00000000ec200000,0x00000000ec300000)
 ParOldGen       total 68608K, used 24391K [0x00000000c0000000, 0x00000000c4300000, 0x00000000eab00000)
  object space 68608K, 35% used [0x00000000c0000000,0x00000000c17d1dc0,0x00000000c4300000)
 Metaspace       used 39965K, committed 40640K, reserved 1089536K
  class space    used 4085K, committed 4352K, reserved 1048576K
}
Event: 118.038 GC heap before
{Heap before GC invocations=20 (full 2):
 PSYoungGen      total 23040K, used 22582K [0x00000000eab00000, 0x00000000ec300000, 0x0000000100000000)
  eden space 21504K, 100% used [0x00000000eab00000,0x00000000ec000000,0x00000000ec000000)
  from space 1536K, 70% used [0x00000000ec080000,0x00000000ec18da70,0x00000000ec200000)
  to   space 1024K, 0% used [0x00000000ec200000,0x00000000ec200000,0x00000000ec300000)
 ParOldGen       total 68608K, used 24391K [0x00000000c0000000, 0x00000000c4300000, 0x00000000eab00000)
  object space 68608K, 35% used [0x00000000c0000000,0x00000000c17d1dc0,0x00000000c4300000)
 Metaspace       used 39988K, committed 40640K, reserved 1089536K
  class space    used 4085K, committed 4352K, reserved 1048576K
}
Event: 118.043 GC heap after
{Heap after GC invocations=20 (full 2):
 PSYoungGen      total 22528K, used 857K [0x00000000eab00000, 0x00000000ec300000, 0x0000000100000000)
  eden space 21504K, 0% used [0x00000000eab00000,0x00000000eab00000,0x00000000ec000000)
  from space 1024K, 83% used [0x00000000ec200000,0x00000000ec2d6680,0x00000000ec300000)
  to   space 1024K, 0% used [0x00000000ec100000,0x00000000ec100000,0x00000000ec200000)
 ParOldGen       total 68608K, used 25235K [0x00000000c0000000, 0x00000000c4300000, 0x00000000eab00000)
  object space 68608K, 36% used [0x00000000c0000000,0x00000000c18a4fa0,0x00000000c4300000)
 Metaspace       used 39988K, committed 40640K, reserved 1089536K
  class space    used 4085K, committed 4352K, reserved 1048576K
}
Event: 127.114 GC heap before
{Heap before GC invocations=21 (full 2):
 PSYoungGen      total 22528K, used 22361K [0x00000000eab00000, 0x00000000ec300000, 0x0000000100000000)
  eden space 21504K, 100% used [0x00000000eab00000,0x00000000ec000000,0x00000000ec000000)
  from space 1024K, 83% used [0x00000000ec200000,0x00000000ec2d6680,0x00000000ec300000)
  to   space 1024K, 0% used [0x00000000ec100000,0x00000000ec100000,0x00000000ec200000)
 ParOldGen       total 68608K, used 25235K [0x00000000c0000000, 0x00000000c4300000, 0x00000000eab00000)
  object space 68608K, 36% used [0x00000000c0000000,0x00000000c18a4fa0,0x00000000c4300000)
 Metaspace       used 42719K, committed 43392K, reserved 1089536K
  class space    used 4374K, committed 4672K, reserved 1048576K
}
Event: 127.141 GC heap after
{Heap after GC invocations=21 (full 2):
 PSYoungGen      total 22016K, used 416K [0x00000000eab00000, 0x00000000ec280000, 0x0000000100000000)
  eden space 21504K, 0% used [0x00000000eab00000,0x00000000eab00000,0x00000000ec000000)
  from space 512K, 81% used [0x00000000ec100000,0x00000000ec168000,0x00000000ec180000)
  to   space 1024K, 0% used [0x00000000ec180000,0x00000000ec180000,0x00000000ec280000)
 ParOldGen       total 68608K, used 25259K [0x00000000c0000000, 0x00000000c4300000, 0x00000000eab00000)
  object space 68608K, 36% used [0x00000000c0000000,0x00000000c18aafa0,0x00000000c4300000)
 Metaspace       used 42719K, committed 43392K, reserved 1089536K
  class space    used 4374K, committed 4672K, reserved 1048576K
}
Event: 136.988 GC heap before
{Heap before GC invocations=22 (full 2):
 PSYoungGen      total 22016K, used 21920K [0x00000000eab00000, 0x00000000ec280000, 0x0000000100000000)
  eden space 21504K, 100% used [0x00000000eab00000,0x00000000ec000000,0x00000000ec000000)
  from space 512K, 81% used [0x00000000ec100000,0x00000000ec168000,0x00000000ec180000)
  to   space 1024K, 0% used [0x00000000ec180000,0x00000000ec180000,0x00000000ec280000)
 ParOldGen       total 68608K, used 25259K [0x00000000c0000000, 0x00000000c4300000, 0x00000000eab00000)
  object space 68608K, 36% used [0x00000000c0000000,0x00000000c18aafa0,0x00000000c4300000)
 Metaspace       used 45949K, committed 46656K, reserved 1097728K
  class space    used 4685K, committed 4992K, reserved 1048576K
}
Event: 137.003 GC heap after
{Heap after GC invocations=22 (full 2):
 PSYoungGen      total 22016K, used 996K [0x00000000eab00000, 0x00000000ec400000, 0x0000000100000000)
  eden space 20992K, 0% used [0x00000000eab00000,0x00000000eab00000,0x00000000ebf80000)
  from space 1024K, 97% used [0x00000000ec180000,0x00000000ec2790b8,0x00000000ec280000)
  to   space 2048K, 0% used [0x00000000ebf80000,0x00000000ebf80000,0x00000000ec180000)
 ParOldGen       total 68608K, used 25973K [0x00000000c0000000, 0x00000000c4300000, 0x00000000eab00000)
  object space 68608K, 37% used [0x00000000c0000000,0x00000000c195d4d8,0x00000000c4300000)
 Metaspace       used 45949K, committed 46656K, reserved 1097728K
  class space    used 4685K, committed 4992K, reserved 1048576K
}
Event: 150.178 GC heap before
{Heap before GC invocations=23 (full 2):
 PSYoungGen      total 22016K, used 21844K [0x00000000eab00000, 0x00000000ec400000, 0x0000000100000000)
  eden space 20992K, 99% used [0x00000000eab00000,0x00000000ebf5c058,0x00000000ebf80000)
  from space 1024K, 97% used [0x00000000ec180000,0x00000000ec2790b8,0x00000000ec280000)
  to   space 2048K, 0% used [0x00000000ebf80000,0x00000000ebf80000,0x00000000ec180000)
 ParOldGen       total 68608K, used 25973K [0x00000000c0000000, 0x00000000c4300000, 0x00000000eab00000)
  object space 68608K, 37% used [0x00000000c0000000,0x00000000c195d4d8,0x00000000c4300000)
 Metaspace       used 47082K, committed 47680K, reserved 1097728K
  class space    used 4758K, committed 4992K, reserved 1048576K
}
Event: 150.274 GC heap after
{Heap after GC invocations=23 (full 2):
 PSYoungGen      total 23040K, used 2036K [0x00000000eab00000, 0x00000000ecd80000, 0x0000000100000000)
  eden space 20992K, 0% used [0x00000000eab00000,0x00000000eab00000,0x00000000ebf80000)
  from space 2048K, 99% used [0x00000000ebf80000,0x00000000ec17d1e8,0x00000000ec180000)
  to   space 7168K, 0% used [0x00000000ec680000,0x00000000ec680000,0x00000000ecd80000)
 ParOldGen       total 68608K, used 29987K [0x00000000c0000000, 0x00000000c4300000, 0x00000000eab00000)
  object space 68608K, 43% used [0x00000000c0000000,0x00000000c1d48d68,0x00000000c4300000)
 Metaspace       used 47082K, committed 47680K, reserved 1097728K
  class space    used 4758K, committed 4992K, reserved 1048576K
}
Event: 163.886 GC heap before
{Heap before GC invocations=24 (full 2):
 PSYoungGen      total 23040K, used 23028K [0x00000000eab00000, 0x00000000ecd80000, 0x0000000100000000)
  eden space 20992K, 100% used [0x00000000eab00000,0x00000000ebf80000,0x00000000ebf80000)
  from space 2048K, 99% used [0x00000000ebf80000,0x00000000ec17d1e8,0x00000000ec180000)
  to   space 7168K, 0% used [0x00000000ec680000,0x00000000ec680000,0x00000000ecd80000)
 ParOldGen       total 68608K, used 29987K [0x00000000c0000000, 0x00000000c4300000, 0x00000000eab00000)
  object space 68608K, 43% used [0x00000000c0000000,0x00000000c1d48d68,0x00000000c4300000)
 Metaspace       used 47675K, committed 48320K, reserved 1097728K
  class space    used 4798K, committed 5120K, reserved 1048576K
}
Event: 163.931 GC heap after
{Heap after GC invocations=24 (full 2):
 PSYoungGen      total 24064K, used 2565K [0x00000000eab00000, 0x00000000ec980000, 0x0000000100000000)
  eden space 20992K, 0% used [0x00000000eab00000,0x00000000eab00000,0x00000000ebf80000)
  from space 3072K, 83% used [0x00000000ec680000,0x00000000ec901750,0x00000000ec980000)
  to   space 4096K, 0% used [0x00000000ec180000,0x00000000ec180000,0x00000000ec580000)
 ParOldGen       total 68608K, used 31937K [0x00000000c0000000, 0x00000000c4300000, 0x00000000eab00000)
  object space 68608K, 46% used [0x00000000c0000000,0x00000000c1f30738,0x00000000c4300000)
 Metaspace       used 47675K, committed 48320K, reserved 1097728K
  class space    used 4798K, committed 5120K, reserved 1048576K
}

