# JRE version: OpenJDK Runtime Environment Temurin-17.0.4+8 (17.0.4+8) (build 17.0.4+8)
# Java VM: OpenJDK 64-Bit Server VM Temurin-17.0.4+8 (17.0.4+8, mixed mode, tiered, compressed oops, compressed class ptrs, parallel gc, windows-amd64)
GC Precious Log:
 CPUs: 4 total, 4 available
 Memory: 1848M
 Large Page Support: Disabled
 NUMA Support: Disabled
 Compressed Oops: Enabled (32-bit)
 Alignments: Space 512K, Generation 512K, Heap 2M
 Heap Min Capacity: 100M
 Heap Initial Capacity: 100M
 Heap Max Capacity: 1G
 Pre-touch: Disabled
 Parallel Workers: 4
Heap:
 PSYoungGen      total 20992K, used 1635K [0x00000000eab00000, 0x00000000ec200000, 0x0000000100000000)
  eden space 19968K, 3% used [0x00000000eab00000,0x00000000eabb6b80,0x00000000ebe80000)
  from space 1024K, 88% used [0x00000000ebe80000,0x00000000ebf622a8,0x00000000ebf80000)
  to   space 1536K, 0% used [0x00000000ec080000,0x00000000ec080000,0x00000000ec200000)
 ParOldGen       total 68608K, used 32519K [0x00000000c0000000, 0x00000000c4300000, 0x00000000eab00000)
  object space 68608K, 47% used [0x00000000c0000000,0x00000000c1fc1df8,0x00000000c4300000)
 Metaspace       used 50495K, committed 51328K, reserved 1097728K
  class space    used 5395K, committed 5760K, reserved 1048576K
GC Heap History (20 events):
Event: 105.143 GC heap before
{Heap before GC invocations=14 (full 2):
 PSYoungGen      total 25088K, used 24960K [0x00000000eab00000, 0x00000000ec580000, 0x0000000100000000)
  eden space 23040K, 100% used [0x00000000eab00000,0x00000000ec180000,0x00000000ec180000)
  from space 2048K, 93% used [0x00000000ec280000,0x00000000ec460020,0x00000000ec480000)
  to   space 1024K, 0% used [0x00000000ec480000,0x00000000ec480000,0x00000000ec580000)
 ParOldGen       total 68608K, used 14301K [0x00000000c0000000, 0x00000000c4300000, 0x00000000eab00000)
  object space 68608K, 20% used [0x00000000c0000000,0x00000000c0df74d8,0x00000000c4300000)
 Metaspace       used 41529K, committed 42240K, reserved 1089536K
  class space    used 4385K, committed 4736K, reserved 1048576K
}
Event: 105.162 GC heap after
{Heap after GC invocations=14 (full 2):
 PSYoungGen      total 23040K, used 992K [0x00000000eab00000, 0x00000000ec900000, 0x0000000100000000)
  eden space 22016K, 0% used [0x00000000eab00000,0x00000000eab00000,0x00000000ec080000)
  from space 1024K, 96% used [0x00000000ec480000,0x00000000ec578010,0x00000000ec580000)
  to   space 4096K, 0% used [0x00000000ec080000,0x00000000ec080000,0x00000000ec480000)
 ParOldGen       total 68608K, used 16991K [0x00000000c0000000, 0x00000000c4300000, 0x00000000eab00000)
  object space 68608K, 24% used [0x00000000c0000000,0x00000000c1097e98,0x00000000c4300000)
 Metaspace       used 41529K, committed 42240K, reserved 1089536K
  class space    used 4385K, committed 4736K, reserved 1048576K
}
Event: 109.197 GC heap before
{Heap before GC invocations=15 (full 2):
 PSYoungGen      total 23040K, used 23008K [0x00000000eab00000, 0x00000000ec900000, 0x0000000100000000)
  eden space 22016K, 100% used [0x00000000eab00000,0x00000000ec080000,0x00000000ec080000)
  from space 1024K, 96% used [0x00000000ec480000,0x00000000ec578010,0x00000000ec580000)
  to   space 4096K, 0% used [0x00000000ec080000,0x00000000ec080000,0x00000000ec480000)
 ParOldGen       total 68608K, used 16991K [0x00000000c0000000, 0x00000000c4300000, 0x00000000eab00000)
  object space 68608K, 24% used [0x00000000c0000000,0x00000000c1097e98,0x00000000c4300000)
 Metaspace       used 42374K, committed 43072K, reserved 1089536K
  class space    used 4474K, committed 4800K, reserved 1048576K
}
Event: 109.234 GC heap after
{Heap after GC invocations=15 (full 2):
 PSYoungGen      total 25088K, used 2625K [0x00000000eab00000, 0x00000000ec680000, 0x0000000100000000)
  eden space 22016K, 0% used [0x00000000eab00000,0x00000000eab00000,0x00000000ec080000)
  from space 3072K, 85% used [0x00000000ec080000,0x00000000ec310730,0x00000000ec380000)
  to   space 3072K, 0% used [0x00000000ec380000,0x00000000ec380000,0x00000000ec680000)
 ParOldGen       total 68608K, used 17943K [0x00000000c0000000, 0x00000000c4300000, 0x00000000eab00000)
  object space 68608K, 26% used [0x00000000c0000000,0x00000000c1185e98,0x00000000c4300000)
 Metaspace       used 42374K, committed 43072K, reserved 1089536K
  class space    used 4474K, committed 4800K, reserved 1048576K
}
Event: 123.758 GC heap before
{Heap before GC invocations=16 (full 2):
 PSYoungGen      total 25088K, used 24641K [0x00000000eab00000, 0x00000000ec680000, 0x0000000100000000)
  eden space 22016K, 100% used [0x00000000eab00000,0x00000000ec080000,0x00000000ec080000)
  from space 3072K, 85% used [0x00000000ec080000,0x00000000ec310730,0x00000000ec380000)
  to   space 3072K, 0% used [0x00000000ec380000,0x00000000ec380000,0x00000000ec680000)
 ParOldGen       total 68608K, used 17943K [0x00000000c0000000, 0x00000000c4300000, 0x00000000eab00000)
  object space 68608K, 26% used [0x00000000c0000000,0x00000000c1185e98,0x00000000c4300000)
 Metaspace       used 45205K, committed 45952K, reserved 1097728K
  class space    used 4841K, committed 5184K, reserved 1048576K
}
Event: 123.807 GC heap after
{Heap after GC invocations=16 (full 2):
 PSYoungGen      total 23552K, used 1176K [0x00000000eab00000, 0x00000000ec500000, 0x0000000100000000)
  eden space 22016K, 0% used [0x00000000eab00000,0x00000000eab00000,0x00000000ec080000)
  from space 1536K, 76% used [0x00000000ec380000,0x00000000ec4a6318,0x00000000ec500000)
  to   space 2048K, 0% used [0x00000000ec100000,0x00000000ec100000,0x00000000ec300000)
 ParOldGen       total 68608K, used 20497K [0x00000000c0000000, 0x00000000c4300000, 0x00000000eab00000)
  object space 68608K, 29% used [0x00000000c0000000,0x00000000c1404708,0x00000000c4300000)
 Metaspace       used 45205K, committed 45952K, reserved 1097728K
  class space    used 4841K, committed 5184K, reserved 1048576K
}
Event: 136.050 GC heap before
{Heap before GC invocations=17 (full 2):
 PSYoungGen      total 23552K, used 23192K [0x00000000eab00000, 0x00000000ec500000, 0x0000000100000000)
  eden space 22016K, 100% used [0x00000000eab00000,0x00000000ec080000,0x00000000ec080000)
  from space 1536K, 76% used [0x00000000ec380000,0x00000000ec4a6318,0x00000000ec500000)
  to   space 2048K, 0% used [0x00000000ec100000,0x00000000ec100000,0x00000000ec300000)
 ParOldGen       total 68608K, used 20497K [0x00000000c0000000, 0x00000000c4300000, 0x00000000eab00000)
  object space 68608K, 29% used [0x00000000c0000000,0x00000000c1404708,0x00000000c4300000)
 Metaspace       used 46640K, committed 47488K, reserved 1097728K
  class space    used 5010K, committed 5376K, reserved 1048576K
}
Event: 137.399 GC heap after
{Heap after GC invocations=17 (full 2):
 PSYoungGen      total 24064K, used 2039K [0x00000000eab00000, 0x00000000ec880000, 0x0000000100000000)
  eden space 22016K, 0% used [0x00000000eab00000,0x00000000eab00000,0x00000000ec080000)
  from space 2048K, 99% used [0x00000000ec100000,0x00000000ec2fdca8,0x00000000ec300000)
  to   space 4096K, 0% used [0x00000000ec480000,0x00000000ec480000,0x00000000ec880000)
 ParOldGen       total 68608K, used 21736K [0x00000000c0000000, 0x00000000c4300000, 0x00000000eab00000)
  object space 68608K, 31% used [0x00000000c0000000,0x00000000c153a028,0x00000000c4300000)
 Metaspace       used 46640K, committed 47488K, reserved 1097728K
  class space    used 5010K, committed 5376K, reserved 1048576K
}
Event: 141.524 GC heap before
{Heap before GC invocations=18 (full 2):
 PSYoungGen      total 24064K, used 24055K [0x00000000eab00000, 0x00000000ec880000, 0x0000000100000000)
  eden space 22016K, 100% used [0x00000000eab00000,0x00000000ec080000,0x00000000ec080000)
  from space 2048K, 99% used [0x00000000ec100000,0x00000000ec2fdca8,0x00000000ec300000)
  to   space 4096K, 0% used [0x00000000ec480000,0x00000000ec480000,0x00000000ec880000)
 ParOldGen       total 68608K, used 21736K [0x00000000c0000000, 0x00000000c4300000, 0x00000000eab00000)
  object space 68608K, 31% used [0x00000000c0000000,0x00000000c153a028,0x00000000c4300000)
 Metaspace       used 46658K, committed 47488K, reserved 1097728K
  class space    used 5013K, committed 5376K, reserved 1048576K
}
Event: 141.566 GC heap after
{Heap after GC invocations=18 (full 2):
 PSYoungGen      total 24576K, used 2432K [0x00000000eab00000, 0x00000000ec700000, 0x0000000100000000)
  eden space 22016K, 0% used [0x00000000eab00000,0x00000000eab00000,0x00000000ec080000)
  from space 2560K, 95% used [0x00000000ec480000,0x00000000ec6e0000,0x00000000ec700000)
  to   space 3072K, 0% used [0x00000000ec100000,0x00000000ec100000,0x00000000ec400000)
 ParOldGen       total 68608K, used 23787K [0x00000000c0000000, 0x00000000c4300000, 0x00000000eab00000)
  object space 68608K, 34% used [0x00000000c0000000,0x00000000c173ae98,0x00000000c4300000)
 Metaspace       used 46658K, committed 47488K, reserved 1097728K
  class space    used 5013K, committed 5376K, reserved 1048576K
}
Event: 143.278 GC heap before
{Heap before GC invocations=19 (full 2):
 PSYoungGen      total 24576K, used 24448K [0x00000000eab00000, 0x00000000ec700000, 0x0000000100000000)
  eden space 22016K, 100% used [0x00000000eab00000,0x00000000ec080000,0x00000000ec080000)
  from space 2560K, 95% used [0x00000000ec480000,0x00000000ec6e0000,0x00000000ec700000)
  to   space 3072K, 0% used [0x00000000ec100000,0x00000000ec100000,0x00000000ec400000)
 ParOldGen       total 68608K, used 23787K [0x00000000c0000000, 0x00000000c4300000, 0x00000000eab00000)
  object space 68608K, 34% used [0x00000000c0000000,0x00000000c173ae98,0x00000000c4300000)
 Metaspace       used 46666K, committed 47488K, reserved 1097728K
  class space    used 5014K, committed 5376K, reserved 1048576K
}
Event: 143.317 GC heap after
{Heap after GC invocations=19 (full 2):
 PSYoungGen      total 24576K, used 2496K [0x00000000eab00000, 0x00000000ec580000, 0x0000000100000000)
  eden space 22016K, 0% used [0x00000000eab00000,0x00000000eab00000,0x00000000ec080000)
  from space 2560K, 97% used [0x00000000ec100000,0x00000000ec370010,0x00000000ec380000)
  to   space 2048K, 0% used [0x00000000ec380000,0x00000000ec380000,0x00000000ec580000)
 ParOldGen       total 68608K, used 26171K [0x00000000c0000000, 0x00000000c4300000, 0x00000000eab00000)
  object space 68608K, 38% used [0x00000000c0000000,0x00000000c198ee98,0x00000000c4300000)
 Metaspace       used 46666K, committed 47488K, reserved 1097728K
  class space    used 5014K, committed 5376K, reserved 1048576K
}
Event: 160.287 GC heap before
{Heap before GC invocations=20 (full 2):
 PSYoungGen      total 24576K, used 24512K [0x00000000eab00000, 0x00000000ec580000, 0x0000000100000000)
  eden space 22016K, 100% used [0x00000000eab00000,0x00000000ec080000,0x00000000ec080000)
  from space 2560K, 97% used [0x00000000ec100000,0x00000000ec370010,0x00000000ec380000)
  to   space 2048K, 0% used [0x00000000ec380000,0x00000000ec380000,0x00000000ec580000)
 ParOldGen       total 68608K, used 26171K [0x00000000c0000000, 0x00000000c4300000, 0x00000000eab00000)
  object space 68608K, 38% used [0x00000000c0000000,0x00000000c198ee98,0x00000000c4300000)
 Metaspace       used 48893K, committed 49664K, reserved 1097728K
  class space    used 5231K, committed 5568K, reserved 1048576K
}
Event: 160.605 GC heap after
{Heap after GC invocations=20 (full 2):
 PSYoungGen      total 22016K, used 2039K [0x00000000eab00000, 0x00000000eca80000, 0x0000000100000000)
  eden space 19968K, 0% used [0x00000000eab00000,0x00000000eab00000,0x00000000ebe80000)
  from space 2048K, 99% used [0x00000000ec380000,0x00000000ec57df58,0x00000000ec580000)
  to   space 5120K, 0% used [0x00000000ebe80000,0x00000000ebe80000,0x00000000ec380000)
 ParOldGen       total 68608K, used 28779K [0x00000000c0000000, 0x00000000c4300000, 0x00000000eab00000)
  object space 68608K, 41% used [0x00000000c0000000,0x00000000c1c1ae30,0x00000000c4300000)
 Metaspace       used 48893K, committed 49664K, reserved 1097728K
  class space    used 5231K, committed 5568K, reserved 1048576K
}
Event: 176.321 GC heap before
{Heap before GC invocations=21 (full 2):
 PSYoungGen      total 22016K, used 22007K [0x00000000eab00000, 0x00000000eca80000, 0x0000000100000000)
  eden space 19968K, 100% used [0x00000000eab00000,0x00000000ebe80000,0x00000000ebe80000)
  from space 2048K, 99% used [0x00000000ec380000,0x00000000ec57df58,0x00000000ec580000)
  to   space 5120K, 0% used [0x00000000ebe80000,0x00000000ebe80000,0x00000000ec380000)
 ParOldGen       total 68608K, used 28779K [0x00000000c0000000, 0x00000000c4300000, 0x00000000eab00000)
  object space 68608K, 41% used [0x00000000c0000000,0x00000000c1c1ae30,0x00000000c4300000)
 Metaspace       used 49661K, committed 50432K, reserved 1097728K
  class space    used 5328K, committed 5632K, reserved 1048576K
}
Event: 176.380 GC heap after
{Heap after GC invocations=21 (full 2):
 PSYoungGen      total 21504K, used 1074K [0x00000000eab00000, 0x00000000ec400000, 0x0000000100000000)
  eden space 19968K, 0% used [0x00000000eab00000,0x00000000eab00000,0x00000000ebe80000)
  from space 1536K, 69% used [0x00000000ebe80000,0x00000000ebf8cb10,0x00000000ec000000)
  to   space 2560K, 0% used [0x00000000ec180000,0x00000000ec180000,0x00000000ec400000)
 ParOldGen       total 68608K, used 30742K [0x00000000c0000000, 0x00000000c4300000, 0x00000000eab00000)
  object space 68608K, 44% used [0x00000000c0000000,0x00000000c1e05a48,0x00000000c4300000)
 Metaspace       used 49661K, committed 50432K, reserved 1097728K
  class space    used 5328K, committed 5632K, reserved 1048576K
}
Event: 204.675 GC heap before
{Heap before GC invocations=22 (full 2):
 PSYoungGen      total 21504K, used 21042K [0x00000000eab00000, 0x00000000ec400000, 0x0000000100000000)
  eden space 19968K, 100% used [0x00000000eab00000,0x00000000ebe80000,0x00000000ebe80000)
  from space 1536K, 69% used [0x00000000ebe80000,0x00000000ebf8cb10,0x00000000ec000000)
  to   space 2560K, 0% used [0x00000000ec180000,0x00000000ec180000,0x00000000ec400000)
 ParOldGen       total 68608K, used 30742K [0x00000000c0000000, 0x00000000c4300000, 0x00000000eab00000)
  object space 68608K, 44% used [0x00000000c0000000,0x00000000c1e05a48,0x00000000c4300000)
 Metaspace       used 50471K, committed 51328K, reserved 1097728K
  class space    used 5395K, committed 5760K, reserved 1048576K
}
Event: 205.677 GC heap after
{Heap after GC invocations=22 (full 2):
 PSYoungGen      total 22016K, used 2015K [0x00000000eab00000, 0x00000000ec380000, 0x0000000100000000)
  eden space 19968K, 0% used [0x00000000eab00000,0x00000000eab00000,0x00000000ebe80000)
  from space 2048K, 98% used [0x00000000ec180000,0x00000000ec377e08,0x00000000ec380000)
  to   space 2560K, 0% used [0x00000000ebe80000,0x00000000ebe80000,0x00000000ec100000)
 ParOldGen       total 68608K, used 31726K [0x00000000c0000000, 0x00000000c4300000, 0x00000000eab00000)
  object space 68608K, 46% used [0x00000000c0000000,0x00000000c1efbb70,0x00000000c4300000)
 Metaspace       used 50471K, committed 51328K, reserved 1097728K
  class space    used 5395K, committed 5760K, reserved 1048576K
}
Event: 224.734 GC heap before
{Heap before GC invocations=23 (full 2):
 PSYoungGen      total 22016K, used 21983K [0x00000000eab00000, 0x00000000ec380000, 0x0000000100000000)
  eden space 19968K, 100% used [0x00000000eab00000,0x00000000ebe80000,0x00000000ebe80000)
  from space 2048K, 98% used [0x00000000ec180000,0x00000000ec377e08,0x00000000ec380000)
  to   space 2560K, 0% used [0x00000000ebe80000,0x00000000ebe80000,0x00000000ec100000)
 ParOldGen       total 68608K, used 31726K [0x00000000c0000000, 0x00000000c4300000, 0x00000000eab00000)
  object space 68608K, 46% used [0x00000000c0000000,0x00000000c1efbb70,0x00000000c4300000)
 Metaspace       used 50489K, committed 51328K, reserved 1097728K
  class space    used 5395K, committed 5760K, reserved 1048576K
}
Event: 225.444 GC heap after
{Heap after GC invocations=23 (full 2):
 PSYoungGen      total 20992K, used 904K [0x00000000eab00000, 0x00000000ec200000, 0x0000000100000000)
  eden space 19968K, 0% used [0x00000000eab00000,0x00000000eab00000,0x00000000ebe80000)
  from space 1024K, 88% used [0x00000000ebe80000,0x00000000ebf622a8,0x00000000ebf80000)
  to   space 1536K, 0% used [0x00000000ec080000,0x00000000ec080000,0x00000000ec200000)
 ParOldGen       total 68608K, used 32519K [0x00000000c0000000, 0x00000000c4300000, 0x00000000eab00000)
  object space 68608K, 47% used [0x00000000c0000000,0x00000000c1fc1df8,0x00000000c4300000)
 Metaspace       used 50489K, committed 51328K, reserved 1097728K
  class space    used 5395K, committed 5760K, reserved 1048576K
}

