# JRE version: OpenJDK Runtime Environment Temurin-17.0.4+8 (17.0.4+8) (build 17.0.4+8)
# Java VM: OpenJDK 64-Bit Server VM Temurin-17.0.4+8 (17.0.4+8, mixed mode, tiered, compressed oops, compressed class ptrs, parallel gc, windows-amd64)
GC Precious Log:
 CPUs: 4 total, 4 available
 Memory: 1848M
 Large Page Support: Disabled
 NUMA Support: Disabled
 Compressed Oops: Enabled (32-bit)
 Alignments: Space 512K, Generation 512K, Heap 2M
 Heap Min Capacity: 100M
 Heap Initial Capacity: 100M
 Heap Max Capacity: 1G
 Pre-touch: Disabled
 Parallel Workers: 4
Heap:
 PSYoungGen      total 21504K, used 16839K [0x00000000eab00000, 0x00000000ec700000, 0x0000000100000000)
  eden space 20480K, 77% used [0x00000000eab00000,0x00000000eba74bd0,0x00000000ebf00000)
  from space 1024K, 98% used [0x00000000ebf80000,0x00000000ec07d0b0,0x00000000ec080000)
  to   space 4096K, 0% used [0x00000000ec300000,0x00000000ec300000,0x00000000ec700000)
 ParOldGen       total 68608K, used 26433K [0x00000000c0000000, 0x00000000c4300000, 0x00000000eab00000)
  object space 68608K, 38% used [0x00000000c0000000,0x00000000c19d0698,0x00000000c4300000)
 Metaspace       used 46847K, committed 47552K, reserved 1097728K
  class space    used 4731K, committed 5056K, reserved 1048576K
GC Heap History (20 events):
Event: 46.618 GC heap before
{Heap before GC invocations=12 (full 1):
 PSYoungGen      total 24064K, used 24032K [0x00000000eab00000, 0x00000000ecd00000, 0x0000000100000000)
  eden space 20480K, 100% used [0x00000000eab00000,0x00000000ebf00000,0x00000000ebf00000)
  from space 3584K, 99% used [0x00000000ec500000,0x00000000ec878020,0x00000000ec880000)
  to   space 6144K, 0% used [0x00000000ebf00000,0x00000000ebf00000,0x00000000ec500000)
 ParOldGen       total 68608K, used 12720K [0x00000000c0000000, 0x00000000c4300000, 0x00000000eab00000)
  object space 68608K, 18% used [0x00000000c0000000,0x00000000c0c6c2b8,0x00000000c4300000)
 Metaspace       used 34704K, committed 35328K, reserved 1081344K
  class space    used 3518K, committed 3840K, reserved 1048576K
}
Event: 46.639 GC heap after
{Heap after GC invocations=12 (full 1):
 PSYoungGen      total 23040K, used 2272K [0x00000000eab00000, 0x00000000ec600000, 0x0000000100000000)
  eden space 20480K, 0% used [0x00000000eab00000,0x00000000eab00000,0x00000000ebf00000)
  from space 2560K, 88% used [0x00000000ebf00000,0x00000000ec138000,0x00000000ec180000)
  to   space 3584K, 0% used [0x00000000ec280000,0x00000000ec280000,0x00000000ec600000)
 ParOldGen       total 68608K, used 16297K [0x00000000c0000000, 0x00000000c4300000, 0x00000000eab00000)
  object space 68608K, 23% used [0x00000000c0000000,0x00000000c0fea518,0x00000000c4300000)
 Metaspace       used 34704K, committed 35328K, reserved 1081344K
  class space    used 3518K, committed 3840K, reserved 1048576K
}
Event: 46.992 GC heap before
{Heap before GC invocations=13 (full 1):
 PSYoungGen      total 23040K, used 22752K [0x00000000eab00000, 0x00000000ec600000, 0x0000000100000000)
  eden space 20480K, 100% used [0x00000000eab00000,0x00000000ebf00000,0x00000000ebf00000)
  from space 2560K, 88% used [0x00000000ebf00000,0x00000000ec138000,0x00000000ec180000)
  to   space 3584K, 0% used [0x00000000ec280000,0x00000000ec280000,0x00000000ec600000)
 ParOldGen       total 68608K, used 16297K [0x00000000c0000000, 0x00000000c4300000, 0x00000000eab00000)
  object space 68608K, 23% used [0x00000000c0000000,0x00000000c0fea518,0x00000000c4300000)
 Metaspace       used 34704K, committed 35328K, reserved 1081344K
  class space    used 3518K, committed 3840K, reserved 1048576K
}
Event: 47.009 GC heap after
{Heap after GC invocations=13 (full 1):
 PSYoungGen      total 23040K, used 2464K [0x00000000eab00000, 0x00000000ec500000, 0x0000000100000000)
  eden space 20480K, 0% used [0x00000000eab00000,0x00000000eab00000,0x00000000ebf00000)
  from space 2560K, 96% used [0x00000000ec280000,0x00000000ec4e8010,0x00000000ec500000)
  to   space 3072K, 0% used [0x00000000ebf00000,0x00000000ebf00000,0x00000000ec200000)
 ParOldGen       total 68608K, used 18545K [0x00000000c0000000, 0x00000000c4300000, 0x00000000eab00000)
  object space 68608K, 27% used [0x00000000c0000000,0x00000000c121c518,0x00000000c4300000)
 Metaspace       used 34704K, committed 35328K, reserved 1081344K
  class space    used 3518K, committed 3840K, reserved 1048576K
}
Event: 49.784 GC heap before
{Heap before GC invocations=14 (full 1):
 PSYoungGen      total 23040K, used 17987K [0x00000000eab00000, 0x00000000ec500000, 0x0000000100000000)
  eden space 20480K, 75% used [0x00000000eab00000,0x00000000eba28e20,0x00000000ebf00000)
  from space 2560K, 96% used [0x00000000ec280000,0x00000000ec4e8010,0x00000000ec500000)
  to   space 3072K, 0% used [0x00000000ebf00000,0x00000000ebf00000,0x00000000ec200000)
 ParOldGen       total 68608K, used 18545K [0x00000000c0000000, 0x00000000c4300000, 0x00000000eab00000)
  object space 68608K, 27% used [0x00000000c0000000,0x00000000c121c518,0x00000000c4300000)
 Metaspace       used 35309K, committed 35840K, reserved 1089536K
  class space    used 3573K, committed 3840K, reserved 1048576K
}
Event: 49.803 GC heap after
{Heap after GC invocations=14 (full 1):
 PSYoungGen      total 23040K, used 2436K [0x00000000eab00000, 0x00000000ec400000, 0x0000000100000000)
  eden space 20480K, 0% used [0x00000000eab00000,0x00000000eab00000,0x00000000ebf00000)
  from space 2560K, 95% used [0x00000000ebf00000,0x00000000ec1613d0,0x00000000ec180000)
  to   space 2560K, 0% used [0x00000000ec180000,0x00000000ec180000,0x00000000ec400000)
 ParOldGen       total 68608K, used 20929K [0x00000000c0000000, 0x00000000c4300000, 0x00000000eab00000)
  object space 68608K, 30% used [0x00000000c0000000,0x00000000c1470528,0x00000000c4300000)
 Metaspace       used 35309K, committed 35840K, reserved 1089536K
  class space    used 3573K, committed 3840K, reserved 1048576K
}
Event: 49.803 GC heap before
{Heap before GC invocations=15 (full 2):
 PSYoungGen      total 23040K, used 2436K [0x00000000eab00000, 0x00000000ec400000, 0x0000000100000000)
  eden space 20480K, 0% used [0x00000000eab00000,0x00000000eab00000,0x00000000ebf00000)
  from space 2560K, 95% used [0x00000000ebf00000,0x00000000ec1613d0,0x00000000ec180000)
  to   space 2560K, 0% used [0x00000000ec180000,0x00000000ec180000,0x00000000ec400000)
 ParOldGen       total 68608K, used 20929K [0x00000000c0000000, 0x00000000c4300000, 0x00000000eab00000)
  object space 68608K, 30% used [0x00000000c0000000,0x00000000c1470528,0x00000000c4300000)
 Metaspace       used 35309K, committed 35840K, reserved 1089536K
  class space    used 3573K, committed 3840K, reserved 1048576K
}
Event: 50.014 GC heap after
{Heap after GC invocations=15 (full 2):
 PSYoungGen      total 23040K, used 0K [0x00000000eab00000, 0x00000000ec400000, 0x0000000100000000)
  eden space 20480K, 0% used [0x00000000eab00000,0x00000000eab00000,0x00000000ebf00000)
  from space 2560K, 0% used [0x00000000ebf00000,0x00000000ebf00000,0x00000000ec180000)
  to   space 2560K, 0% used [0x00000000ec180000,0x00000000ec180000,0x00000000ec400000)
 ParOldGen       total 68608K, used 22673K [0x00000000c0000000, 0x00000000c4300000, 0x00000000eab00000)
  object space 68608K, 33% used [0x00000000c0000000,0x00000000c1624488,0x00000000c4300000)
 Metaspace       used 35309K, committed 35840K, reserved 1089536K
  class space    used 3573K, committed 3840K, reserved 1048576K
}
Event: 59.425 GC heap before
{Heap before GC invocations=16 (full 2):
 PSYoungGen      total 23040K, used 20422K [0x00000000eab00000, 0x00000000ec400000, 0x0000000100000000)
  eden space 20480K, 99% used [0x00000000eab00000,0x00000000ebef19b8,0x00000000ebf00000)
  from space 2560K, 0% used [0x00000000ebf00000,0x00000000ebf00000,0x00000000ec180000)
  to   space 2560K, 0% used [0x00000000ec180000,0x00000000ec180000,0x00000000ec400000)
 ParOldGen       total 68608K, used 22673K [0x00000000c0000000, 0x00000000c4300000, 0x00000000eab00000)
  object space 68608K, 33% used [0x00000000c0000000,0x00000000c1624488,0x00000000c4300000)
 Metaspace       used 37767K, committed 38400K, reserved 1089536K
  class space    used 3845K, committed 4160K, reserved 1048576K
}
Event: 59.431 GC heap after
{Heap after GC invocations=16 (full 2):
 PSYoungGen      total 21504K, used 758K [0x00000000eab00000, 0x00000000ec280000, 0x0000000100000000)
  eden space 20480K, 0% used [0x00000000eab00000,0x00000000eab00000,0x00000000ebf00000)
  from space 1024K, 74% used [0x00000000ec180000,0x00000000ec23dba8,0x00000000ec280000)
  to   space 1536K, 0% used [0x00000000ebf80000,0x00000000ebf80000,0x00000000ec100000)
 ParOldGen       total 68608K, used 22681K [0x00000000c0000000, 0x00000000c4300000, 0x00000000eab00000)
  object space 68608K, 33% used [0x00000000c0000000,0x00000000c1626488,0x00000000c4300000)
 Metaspace       used 37767K, committed 38400K, reserved 1089536K
  class space    used 3845K, committed 4160K, reserved 1048576K
}
Event: 65.653 GC heap before
{Heap before GC invocations=17 (full 2):
 PSYoungGen      total 21504K, used 21238K [0x00000000eab00000, 0x00000000ec280000, 0x0000000100000000)
  eden space 20480K, 100% used [0x00000000eab00000,0x00000000ebf00000,0x00000000ebf00000)
  from space 1024K, 74% used [0x00000000ec180000,0x00000000ec23dba8,0x00000000ec280000)
  to   space 1536K, 0% used [0x00000000ebf80000,0x00000000ebf80000,0x00000000ec100000)
 ParOldGen       total 68608K, used 22681K [0x00000000c0000000, 0x00000000c4300000, 0x00000000eab00000)
  object space 68608K, 33% used [0x00000000c0000000,0x00000000c1626488,0x00000000c4300000)
 Metaspace       used 39109K, committed 39744K, reserved 1089536K
  class space    used 3984K, committed 4288K, reserved 1048576K
}
Event: 65.662 GC heap after
{Heap after GC invocations=17 (full 2):
 PSYoungGen      total 22016K, used 352K [0x00000000eab00000, 0x00000000ec200000, 0x0000000100000000)
  eden space 20480K, 0% used [0x00000000eab00000,0x00000000eab00000,0x00000000ebf00000)
  from space 1536K, 22% used [0x00000000ebf80000,0x00000000ebfd8000,0x00000000ec100000)
  to   space 1024K, 0% used [0x00000000ec100000,0x00000000ec100000,0x00000000ec200000)
 ParOldGen       total 68608K, used 23408K [0x00000000c0000000, 0x00000000c4300000, 0x00000000eab00000)
  object space 68608K, 34% used [0x00000000c0000000,0x00000000c16dc1a0,0x00000000c4300000)
 Metaspace       used 39109K, committed 39744K, reserved 1089536K
  class space    used 3984K, committed 4288K, reserved 1048576K
}
Event: 66.646 GC heap before
{Heap before GC invocations=18 (full 2):
 PSYoungGen      total 22016K, used 20832K [0x00000000eab00000, 0x00000000ec200000, 0x0000000100000000)
  eden space 20480K, 100% used [0x00000000eab00000,0x00000000ebf00000,0x00000000ebf00000)
  from space 1536K, 22% used [0x00000000ebf80000,0x00000000ebfd8000,0x00000000ec100000)
  to   space 1024K, 0% used [0x00000000ec100000,0x00000000ec100000,0x00000000ec200000)
 ParOldGen       total 68608K, used 23408K [0x00000000c0000000, 0x00000000c4300000, 0x00000000eab00000)
  object space 68608K, 34% used [0x00000000c0000000,0x00000000c16dc1a0,0x00000000c4300000)
 Metaspace       used 39188K, committed 39872K, reserved 1089536K
  class space    used 3991K, committed 4352K, reserved 1048576K
}
Event: 66.653 GC heap after
{Heap after GC invocations=18 (full 2):
 PSYoungGen      total 21504K, used 1002K [0x00000000eab00000, 0x00000000ec300000, 0x0000000100000000)
  eden space 20480K, 0% used [0x00000000eab00000,0x00000000eab00000,0x00000000ebf00000)
  from space 1024K, 97% used [0x00000000ec100000,0x00000000ec1faad0,0x00000000ec200000)
  to   space 2048K, 0% used [0x00000000ebf00000,0x00000000ebf00000,0x00000000ec100000)
 ParOldGen       total 68608K, used 23824K [0x00000000c0000000, 0x00000000c4300000, 0x00000000eab00000)
  object space 68608K, 34% used [0x00000000c0000000,0x00000000c17441a0,0x00000000c4300000)
 Metaspace       used 39188K, committed 39872K, reserved 1089536K
  class space    used 3991K, committed 4352K, reserved 1048576K
}
Event: 69.435 GC heap before
{Heap before GC invocations=19 (full 2):
 PSYoungGen      total 21504K, used 21482K [0x00000000eab00000, 0x00000000ec300000, 0x0000000100000000)
  eden space 20480K, 100% used [0x00000000eab00000,0x00000000ebf00000,0x00000000ebf00000)
  from space 1024K, 97% used [0x00000000ec100000,0x00000000ec1faad0,0x00000000ec200000)
  to   space 2048K, 0% used [0x00000000ebf00000,0x00000000ebf00000,0x00000000ec100000)
 ParOldGen       total 68608K, used 23824K [0x00000000c0000000, 0x00000000c4300000, 0x00000000eab00000)
  object space 68608K, 34% used [0x00000000c0000000,0x00000000c17441a0,0x00000000c4300000)
 Metaspace       used 40643K, committed 41344K, reserved 1089536K
  class space    used 4156K, committed 4480K, reserved 1048576K
}
Event: 69.440 GC heap after
{Heap after GC invocations=19 (full 2):
 PSYoungGen      total 20992K, used 469K [0x00000000eab00000, 0x00000000ec180000, 0x0000000100000000)
  eden space 20480K, 0% used [0x00000000eab00000,0x00000000eab00000,0x00000000ebf00000)
  from space 512K, 91% used [0x00000000ebf00000,0x00000000ebf754c0,0x00000000ebf80000)
  to   space 1024K, 0% used [0x00000000ec080000,0x00000000ec080000,0x00000000ec180000)
 ParOldGen       total 68608K, used 23960K [0x00000000c0000000, 0x00000000c4300000, 0x00000000eab00000)
  object space 68608K, 34% used [0x00000000c0000000,0x00000000c17661a0,0x00000000c4300000)
 Metaspace       used 40643K, committed 41344K, reserved 1089536K
  class space    used 4156K, committed 4480K, reserved 1048576K
}
Event: 75.954 GC heap before
{Heap before GC invocations=20 (full 2):
 PSYoungGen      total 20992K, used 20949K [0x00000000eab00000, 0x00000000ec180000, 0x0000000100000000)
  eden space 20480K, 100% used [0x00000000eab00000,0x00000000ebf00000,0x00000000ebf00000)
  from space 512K, 91% used [0x00000000ebf00000,0x00000000ebf754c0,0x00000000ebf80000)
  to   space 1024K, 0% used [0x00000000ec080000,0x00000000ec080000,0x00000000ec180000)
 ParOldGen       total 68608K, used 23960K [0x00000000c0000000, 0x00000000c4300000, 0x00000000eab00000)
  object space 68608K, 34% used [0x00000000c0000000,0x00000000c17661a0,0x00000000c4300000)
 Metaspace       used 43483K, committed 44224K, reserved 1089536K
  class space    used 4428K, committed 4800K, reserved 1048576K
}
Event: 75.961 GC heap after
{Heap after GC invocations=20 (full 2):
 PSYoungGen      total 21504K, used 832K [0x00000000eab00000, 0x00000000ec180000, 0x0000000100000000)
  eden space 20480K, 0% used [0x00000000eab00000,0x00000000eab00000,0x00000000ebf00000)
  from space 1024K, 81% used [0x00000000ec080000,0x00000000ec150000,0x00000000ec180000)
  to   space 1024K, 0% used [0x00000000ebf80000,0x00000000ebf80000,0x00000000ec080000)
 ParOldGen       total 68608K, used 24080K [0x00000000c0000000, 0x00000000c4300000, 0x00000000eab00000)
  object space 68608K, 35% used [0x00000000c0000000,0x00000000c17841a0,0x00000000c4300000)
 Metaspace       used 43483K, committed 44224K, reserved 1089536K
  class space    used 4428K, committed 4800K, reserved 1048576K
}
Event: 81.012 GC heap before
{Heap before GC invocations=21 (full 2):
 PSYoungGen      total 21504K, used 20121K [0x00000000eab00000, 0x00000000ec180000, 0x0000000100000000)
  eden space 20480K, 94% used [0x00000000eab00000,0x00000000ebdd6778,0x00000000ebf00000)
  from space 1024K, 81% used [0x00000000ec080000,0x00000000ec150000,0x00000000ec180000)
  to   space 1024K, 0% used [0x00000000ebf80000,0x00000000ebf80000,0x00000000ec080000)
 ParOldGen       total 68608K, used 24080K [0x00000000c0000000, 0x00000000c4300000, 0x00000000eab00000)
  object space 68608K, 35% used [0x00000000c0000000,0x00000000c17841a0,0x00000000c4300000)
 Metaspace       used 46201K, committed 46848K, reserved 1097728K
  class space    used 4681K, committed 4992K, reserved 1048576K
}
Event: 81.028 GC heap after
{Heap after GC invocations=21 (full 2):
 PSYoungGen      total 21504K, used 1012K [0x00000000eab00000, 0x00000000ec700000, 0x0000000100000000)
  eden space 20480K, 0% used [0x00000000eab00000,0x00000000eab00000,0x00000000ebf00000)
  from space 1024K, 98% used [0x00000000ebf80000,0x00000000ec07d0b0,0x00000000ec080000)
  to   space 4096K, 0% used [0x00000000ec300000,0x00000000ec300000,0x00000000ec700000)
 ParOldGen       total 68608K, used 26433K [0x00000000c0000000, 0x00000000c4300000, 0x00000000eab00000)
  object space 68608K, 38% used [0x00000000c0000000,0x00000000c19d0698,0x00000000c4300000)
 Metaspace       used 46201K, committed 46848K, reserved 1097728K
  class space    used 4681K, committed 4992K, reserved 1048576K
}

