# JRE version: OpenJDK Runtime Environment Temurin-17.0.4+8 (17.0.4+8) (build 17.0.4+8)
# Java VM: OpenJDK 64-Bit Server VM Temurin-17.0.4+8 (17.0.4+8, mixed mode, tiered, compressed oops, compressed class ptrs, parallel gc, windows-amd64)
GC Precious Log:
 CPUs: 4 total, 4 available
 Memory: 1848M
 Large Page Support: Disabled
 NUMA Support: Disabled
 Compressed Oops: Enabled (32-bit)
 Alignments: Space 512K, Generation 512K, Heap 2M
 Heap Min Capacity: 100M
 Heap Initial Capacity: 100M
 Heap Max Capacity: 1G
 Pre-touch: Disabled
 Parallel Workers: 4
Heap:
 PSYoungGen      total 23040K, used 16727K [0x00000000eab00000, 0x00000000ec400000, 0x0000000100000000)
  eden space 20480K, 72% used [0x00000000eab00000,0x00000000eb974f60,0x00000000ebf00000)
  from space 2560K, 75% used [0x00000000ec180000,0x00000000ec360dc8,0x00000000ec400000)
  to   space 2560K, 0% used [0x00000000ebf00000,0x00000000ebf00000,0x00000000ec180000)
 ParOldGen       total 68608K, used 22559K [0x00000000c0000000, 0x00000000c4300000, 0x00000000eab00000)
  object space 68608K, 32% used [0x00000000c0000000,0x00000000c1607e10,0x00000000c4300000)
 Metaspace       used 37524K, committed 38208K, reserved 1089536K
  class space    used 3835K, committed 4096K, reserved 1048576K
GC Heap History (20 events):
Event: 29.073 GC heap before
{Heap before GC invocations=7 (full 1):
 PSYoungGen      total 25600K, used 25565K [0x00000000eab00000, 0x00000000ec880000, 0x0000000100000000)
  eden space 25088K, 100% used [0x00000000eab00000,0x00000000ec380000,0x00000000ec380000)
  from space 512K, 93% used [0x00000000ec400000,0x00000000ec4774d0,0x00000000ec480000)
  to   space 2048K, 0% used [0x00000000ec680000,0x00000000ec680000,0x00000000ec880000)
 ParOldGen       total 68608K, used 7268K [0x00000000c0000000, 0x00000000c4300000, 0x00000000eab00000)
  object space 68608K, 10% used [0x00000000c0000000,0x00000000c0719078,0x00000000c4300000)
 Metaspace       used 27326K, committed 27776K, reserved 1081344K
  class space    used 2637K, committed 2816K, reserved 1048576K
}
Event: 29.079 GC heap after
{Heap after GC invocations=7 (full 1):
 PSYoungGen      total 25600K, used 1018K [0x00000000eab00000, 0x00000000ec780000, 0x0000000100000000)
  eden space 24576K, 0% used [0x00000000eab00000,0x00000000eab00000,0x00000000ec300000)
  from space 1024K, 99% used [0x00000000ec680000,0x00000000ec77eab0,0x00000000ec780000)
  to   space 1536K, 0% used [0x00000000ec480000,0x00000000ec480000,0x00000000ec600000)
 ParOldGen       total 68608K, used 7276K [0x00000000c0000000, 0x00000000c4300000, 0x00000000eab00000)
  object space 68608K, 10% used [0x00000000c0000000,0x00000000c071b078,0x00000000c4300000)
 Metaspace       used 27326K, committed 27776K, reserved 1081344K
  class space    used 2637K, committed 2816K, reserved 1048576K
}
Event: 36.166 GC heap before
{Heap before GC invocations=8 (full 1):
 PSYoungGen      total 25600K, used 25594K [0x00000000eab00000, 0x00000000ec780000, 0x0000000100000000)
  eden space 24576K, 100% used [0x00000000eab00000,0x00000000ec300000,0x00000000ec300000)
  from space 1024K, 99% used [0x00000000ec680000,0x00000000ec77eab0,0x00000000ec780000)
  to   space 1536K, 0% used [0x00000000ec480000,0x00000000ec480000,0x00000000ec600000)
 ParOldGen       total 68608K, used 7276K [0x00000000c0000000, 0x00000000c4300000, 0x00000000eab00000)
  object space 68608K, 10% used [0x00000000c0000000,0x00000000c071b078,0x00000000c4300000)
 Metaspace       used 31807K, committed 32320K, reserved 1081344K
  class space    used 3202K, committed 3392K, reserved 1048576K
}
Event: 36.184 GC heap after
{Heap after GC invocations=8 (full 1):
 PSYoungGen      total 25600K, used 1504K [0x00000000eab00000, 0x00000000ec780000, 0x0000000100000000)
  eden space 24064K, 0% used [0x00000000eab00000,0x00000000eab00000,0x00000000ec280000)
  from space 1536K, 97% used [0x00000000ec480000,0x00000000ec5f8268,0x00000000ec600000)
  to   space 1536K, 0% used [0x00000000ec600000,0x00000000ec600000,0x00000000ec780000)
 ParOldGen       total 68608K, used 7934K [0x00000000c0000000, 0x00000000c4300000, 0x00000000eab00000)
  object space 68608K, 11% used [0x00000000c0000000,0x00000000c07bf8c8,0x00000000c4300000)
 Metaspace       used 31807K, committed 32320K, reserved 1081344K
  class space    used 3202K, committed 3392K, reserved 1048576K
}
Event: 51.996 GC heap before
{Heap before GC invocations=9 (full 1):
 PSYoungGen      total 25600K, used 25568K [0x00000000eab00000, 0x00000000ec780000, 0x0000000100000000)
  eden space 24064K, 100% used [0x00000000eab00000,0x00000000ec280000,0x00000000ec280000)
  from space 1536K, 97% used [0x00000000ec480000,0x00000000ec5f8268,0x00000000ec600000)
  to   space 1536K, 0% used [0x00000000ec600000,0x00000000ec600000,0x00000000ec780000)
 ParOldGen       total 68608K, used 7934K [0x00000000c0000000, 0x00000000c4300000, 0x00000000eab00000)
  object space 68608K, 11% used [0x00000000c0000000,0x00000000c07bf8c8,0x00000000c4300000)
 Metaspace       used 34588K, committed 35200K, reserved 1081344K
  class space    used 3494K, committed 3712K, reserved 1048576K
}
Event: 52.030 GC heap after
{Heap after GC invocations=9 (full 1):
 PSYoungGen      total 25088K, used 1528K [0x00000000eab00000, 0x00000000eca00000, 0x0000000100000000)
  eden space 23552K, 0% used [0x00000000eab00000,0x00000000eab00000,0x00000000ec200000)
  from space 1536K, 99% used [0x00000000ec600000,0x00000000ec77e250,0x00000000ec780000)
  to   space 4096K, 0% used [0x00000000ec200000,0x00000000ec200000,0x00000000ec600000)
 ParOldGen       total 68608K, used 9843K [0x00000000c0000000, 0x00000000c4300000, 0x00000000eab00000)
  object space 68608K, 14% used [0x00000000c0000000,0x00000000c099cc60,0x00000000c4300000)
 Metaspace       used 34588K, committed 35200K, reserved 1081344K
  class space    used 3494K, committed 3712K, reserved 1048576K
}
Event: 57.345 GC heap before
{Heap before GC invocations=10 (full 1):
 PSYoungGen      total 25088K, used 25080K [0x00000000eab00000, 0x00000000eca00000, 0x0000000100000000)
  eden space 23552K, 100% used [0x00000000eab00000,0x00000000ec200000,0x00000000ec200000)
  from space 1536K, 99% used [0x00000000ec600000,0x00000000ec77e250,0x00000000ec780000)
  to   space 4096K, 0% used [0x00000000ec200000,0x00000000ec200000,0x00000000ec600000)
 ParOldGen       total 68608K, used 9843K [0x00000000c0000000, 0x00000000c4300000, 0x00000000eab00000)
  object space 68608K, 14% used [0x00000000c0000000,0x00000000c099cc60,0x00000000c4300000)
 Metaspace       used 34760K, committed 35328K, reserved 1081344K
  class space    used 3512K, committed 3712K, reserved 1048576K
}
Event: 57.363 GC heap after
{Heap after GC invocations=10 (full 1):
 PSYoungGen      total 26624K, used 3284K [0x00000000eab00000, 0x00000000ec880000, 0x0000000100000000)
  eden space 23040K, 0% used [0x00000000eab00000,0x00000000eab00000,0x00000000ec180000)
  from space 3584K, 91% used [0x00000000ec200000,0x00000000ec535358,0x00000000ec580000)
  to   space 3072K, 0% used [0x00000000ec580000,0x00000000ec580000,0x00000000ec880000)
 ParOldGen       total 68608K, used 10379K [0x00000000c0000000, 0x00000000c4300000, 0x00000000eab00000)
  object space 68608K, 15% used [0x00000000c0000000,0x00000000c0a22c58,0x00000000c4300000)
 Metaspace       used 34760K, committed 35328K, reserved 1081344K
  class space    used 3512K, committed 3712K, reserved 1048576K
}
Event: 62.095 GC heap before
{Heap before GC invocations=11 (full 1):
 PSYoungGen      total 26624K, used 26324K [0x00000000eab00000, 0x00000000ec880000, 0x0000000100000000)
  eden space 23040K, 100% used [0x00000000eab00000,0x00000000ec180000,0x00000000ec180000)
  from space 3584K, 91% used [0x00000000ec200000,0x00000000ec535358,0x00000000ec580000)
  to   space 3072K, 0% used [0x00000000ec580000,0x00000000ec580000,0x00000000ec880000)
 ParOldGen       total 68608K, used 10379K [0x00000000c0000000, 0x00000000c4300000, 0x00000000eab00000)
  object space 68608K, 15% used [0x00000000c0000000,0x00000000c0a22c58,0x00000000c4300000)
 Metaspace       used 34826K, committed 35392K, reserved 1081344K
  class space    used 3523K, committed 3776K, reserved 1048576K
}
Event: 62.115 GC heap after
{Heap after GC invocations=11 (full 1):
 PSYoungGen      total 23552K, used 3040K [0x00000000eab00000, 0x00000000ece00000, 0x0000000100000000)
  eden space 20480K, 0% used [0x00000000eab00000,0x00000000eab00000,0x00000000ebf00000)
  from space 3072K, 98% used [0x00000000ec580000,0x00000000ec878010,0x00000000ec880000)
  to   space 6656K, 0% used [0x00000000ebf00000,0x00000000ebf00000,0x00000000ec580000)
 ParOldGen       total 68608K, used 13222K [0x00000000c0000000, 0x00000000c4300000, 0x00000000eab00000)
  object space 68608K, 19% used [0x00000000c0000000,0x00000000c0ce9a68,0x00000000c4300000)
 Metaspace       used 34826K, committed 35392K, reserved 1081344K
  class space    used 3523K, committed 3776K, reserved 1048576K
}
Event: 63.526 GC heap before
{Heap before GC invocations=12 (full 1):
 PSYoungGen      total 23552K, used 23520K [0x00000000eab00000, 0x00000000ece00000, 0x0000000100000000)
  eden space 20480K, 100% used [0x00000000eab00000,0x00000000ebf00000,0x00000000ebf00000)
  from space 3072K, 98% used [0x00000000ec580000,0x00000000ec878010,0x00000000ec880000)
  to   space 6656K, 0% used [0x00000000ebf00000,0x00000000ebf00000,0x00000000ec580000)
 ParOldGen       total 68608K, used 13222K [0x00000000c0000000, 0x00000000c4300000, 0x00000000eab00000)
  object space 68608K, 19% used [0x00000000c0000000,0x00000000c0ce9a68,0x00000000c4300000)
 Metaspace       used 34826K, committed 35392K, reserved 1081344K
  class space    used 3523K, committed 3776K, reserved 1048576K
}
Event: 63.546 GC heap after
{Heap after GC invocations=12 (full 1):
 PSYoungGen      total 23040K, used 2272K [0x00000000eab00000, 0x00000000ec600000, 0x0000000100000000)
  eden space 20480K, 0% used [0x00000000eab00000,0x00000000eab00000,0x00000000ebf00000)
  from space 2560K, 88% used [0x00000000ebf00000,0x00000000ec138000,0x00000000ec180000)
  to   space 3584K, 0% used [0x00000000ec280000,0x00000000ec280000,0x00000000ec600000)
 ParOldGen       total 68608K, used 16293K [0x00000000c0000000, 0x00000000c4300000, 0x00000000eab00000)
  object space 68608K, 23% used [0x00000000c0000000,0x00000000c0fe9668,0x00000000c4300000)
 Metaspace       used 34826K, committed 35392K, reserved 1081344K
  class space    used 3523K, committed 3776K, reserved 1048576K
}
Event: 64.414 GC heap before
{Heap before GC invocations=13 (full 1):
 PSYoungGen      total 23040K, used 22752K [0x00000000eab00000, 0x00000000ec600000, 0x0000000100000000)
  eden space 20480K, 100% used [0x00000000eab00000,0x00000000ebf00000,0x00000000ebf00000)
  from space 2560K, 88% used [0x00000000ebf00000,0x00000000ec138000,0x00000000ec180000)
  to   space 3584K, 0% used [0x00000000ec280000,0x00000000ec280000,0x00000000ec600000)
 ParOldGen       total 68608K, used 16293K [0x00000000c0000000, 0x00000000c4300000, 0x00000000eab00000)
  object space 68608K, 23% used [0x00000000c0000000,0x00000000c0fe9668,0x00000000c4300000)
 Metaspace       used 34826K, committed 35392K, reserved 1081344K
  class space    used 3523K, committed 3776K, reserved 1048576K
}
Event: 64.430 GC heap after
{Heap after GC invocations=13 (full 1):
 PSYoungGen      total 23040K, used 2432K [0x00000000eab00000, 0x00000000ec500000, 0x0000000100000000)
  eden space 20480K, 0% used [0x00000000eab00000,0x00000000eab00000,0x00000000ebf00000)
  from space 2560K, 95% used [0x00000000ec280000,0x00000000ec4e0010,0x00000000ec500000)
  to   space 3072K, 0% used [0x00000000ebf00000,0x00000000ebf00000,0x00000000ec200000)
 ParOldGen       total 68608K, used 18509K [0x00000000c0000000, 0x00000000c4300000, 0x00000000eab00000)
  object space 68608K, 26% used [0x00000000c0000000,0x00000000c1213668,0x00000000c4300000)
 Metaspace       used 34826K, committed 35392K, reserved 1081344K
  class space    used 3523K, committed 3776K, reserved 1048576K
}
Event: 69.049 GC heap before
{Heap before GC invocations=14 (full 1):
 PSYoungGen      total 23040K, used 17884K [0x00000000eab00000, 0x00000000ec500000, 0x0000000100000000)
  eden space 20480K, 75% used [0x00000000eab00000,0x00000000eba172f8,0x00000000ebf00000)
  from space 2560K, 95% used [0x00000000ec280000,0x00000000ec4e0010,0x00000000ec500000)
  to   space 3072K, 0% used [0x00000000ebf00000,0x00000000ebf00000,0x00000000ec200000)
 ParOldGen       total 68608K, used 18509K [0x00000000c0000000, 0x00000000c4300000, 0x00000000eab00000)
  object space 68608K, 26% used [0x00000000c0000000,0x00000000c1213668,0x00000000c4300000)
 Metaspace       used 35244K, committed 35840K, reserved 1089536K
  class space    used 3563K, committed 3776K, reserved 1048576K
}
Event: 69.070 GC heap after
{Heap after GC invocations=14 (full 1):
 PSYoungGen      total 23040K, used 2404K [0x00000000eab00000, 0x00000000ec400000, 0x0000000100000000)
  eden space 20480K, 0% used [0x00000000eab00000,0x00000000eab00000,0x00000000ebf00000)
  from space 2560K, 93% used [0x00000000ebf00000,0x00000000ec1593d0,0x00000000ec180000)
  to   space 2560K, 0% used [0x00000000ec180000,0x00000000ec180000,0x00000000ec400000)
 ParOldGen       total 68608K, used 20901K [0x00000000c0000000, 0x00000000c4300000, 0x00000000eab00000)
  object space 68608K, 30% used [0x00000000c0000000,0x00000000c1469678,0x00000000c4300000)
 Metaspace       used 35244K, committed 35840K, reserved 1089536K
  class space    used 3563K, committed 3776K, reserved 1048576K
}
Event: 69.071 GC heap before
{Heap before GC invocations=15 (full 2):
 PSYoungGen      total 23040K, used 2404K [0x00000000eab00000, 0x00000000ec400000, 0x0000000100000000)
  eden space 20480K, 0% used [0x00000000eab00000,0x00000000eab00000,0x00000000ebf00000)
  from space 2560K, 93% used [0x00000000ebf00000,0x00000000ec1593d0,0x00000000ec180000)
  to   space 2560K, 0% used [0x00000000ec180000,0x00000000ec180000,0x00000000ec400000)
 ParOldGen       total 68608K, used 20901K [0x00000000c0000000, 0x00000000c4300000, 0x00000000eab00000)
  object space 68608K, 30% used [0x00000000c0000000,0x00000000c1469678,0x00000000c4300000)
 Metaspace       used 35244K, committed 35840K, reserved 1089536K
  class space    used 3563K, committed 3776K, reserved 1048576K
}
Event: 69.342 GC heap after
{Heap after GC invocations=15 (full 2):
 PSYoungGen      total 23040K, used 0K [0x00000000eab00000, 0x00000000ec400000, 0x0000000100000000)
  eden space 20480K, 0% used [0x00000000eab00000,0x00000000eab00000,0x00000000ebf00000)
  from space 2560K, 0% used [0x00000000ebf00000,0x00000000ebf00000,0x00000000ec180000)
  to   space 2560K, 0% used [0x00000000ec180000,0x00000000ec180000,0x00000000ec400000)
 ParOldGen       total 68608K, used 22551K [0x00000000c0000000, 0x00000000c4300000, 0x00000000eab00000)
  object space 68608K, 32% used [0x00000000c0000000,0x00000000c1605e10,0x00000000c4300000)
 Metaspace       used 35244K, committed 35840K, reserved 1089536K
  class space    used 3563K, committed 3776K, reserved 1048576K
}
Event: 85.790 GC heap before
{Heap before GC invocations=16 (full 2):
 PSYoungGen      total 23040K, used 20480K [0x00000000eab00000, 0x00000000ec400000, 0x0000000100000000)
  eden space 20480K, 100% used [0x00000000eab00000,0x00000000ebf00000,0x00000000ebf00000)
  from space 2560K, 0% used [0x00000000ebf00000,0x00000000ebf00000,0x00000000ec180000)
  to   space 2560K, 0% used [0x00000000ec180000,0x00000000ec180000,0x00000000ec400000)
 ParOldGen       total 68608K, used 22551K [0x00000000c0000000, 0x00000000c4300000, 0x00000000eab00000)
  object space 68608K, 32% used [0x00000000c0000000,0x00000000c1605e10,0x00000000c4300000)
 Metaspace       used 37497K, committed 38144K, reserved 1089536K
  class space    used 3835K, committed 4096K, reserved 1048576K
}
Event: 85.938 GC heap after
{Heap after GC invocations=16 (full 2):
 PSYoungGen      total 23040K, used 1923K [0x00000000eab00000, 0x00000000ec400000, 0x0000000100000000)
  eden space 20480K, 0% used [0x00000000eab00000,0x00000000eab00000,0x00000000ebf00000)
  from space 2560K, 75% used [0x00000000ec180000,0x00000000ec360dc8,0x00000000ec400000)
  to   space 2560K, 0% used [0x00000000ebf00000,0x00000000ebf00000,0x00000000ec180000)
 ParOldGen       total 68608K, used 22559K [0x00000000c0000000, 0x00000000c4300000, 0x00000000eab00000)
  object space 68608K, 32% used [0x00000000c0000000,0x00000000c1607e10,0x00000000c4300000)
 Metaspace       used 37497K, committed 38144K, reserved 1089536K
  class space    used 3835K, committed 4096K, reserved 1048576K
}

